Release 11.1 Map L.33 (nt)
Xilinx Mapping Report File for Design 'cpuSingleCycle'

Design Information
------------------
Command Line   : map -ise lab5.ise -intstyle ise -p xc3s500e-fg320-4 -cm area
-ir off -pr off -c 100 -o cpuSingleCycle_map.ncd cpuSingleCycle.ngd
cpuSingleCycle.pcf 
Target Device  : xc3s500e
Target Package : fg320
Target Speed   : -4
Mapper Version : spartan3e -- $Revision: 1.51 $
Mapped Date    : Thu Mar 22 10:48:09 2012

Design Summary
--------------
Number of errors   :   1
Number of warnings :   0

Section 1 - Errors
------------------
ERROR:Security:7 - A feature for ISE was found but is for the wrong hostid.
ERROR:Security:9 - No 'ISE' nor 'WebPack' feature was available for part
'xc3s500e'.
ERROR:Map:258 - A problem was encountered attempting to get the license for this
   architecture. 

Section 2 - Warnings
--------------------

Section 3 - Informational
-------------------------
INFO:Security:54 - 'xc3s500e' is a WebPack part.
INFO:Security:61 - The XILINXD_LICENSE_FILE environment variable is not set.
INFO:Security:63 - The LM_LICENSE_FILE environment variable is not set.
INFO:Security:68 - Please run the Xilinx License Configuration Manager
