Asterisk (*) preceding a constraint indicates it was not met.
   This may be due to a setup or hold violation.

----------------------------------------------------------------------------------------------------------
  Constraint                                |    Check    | Worst Case |  Best Case | Timing |   Timing   
                                            |             |    Slack   | Achievable | Errors |    Score   
----------------------------------------------------------------------------------------------------------
  TS_U_TO_J = MAXDELAY FROM TIMEGRP "U_CLK" | SETUP       |    11.510ns|     3.490ns|       0|           0
   TO TIMEGRP "J_CLK" 15 ns                 |             |            |            |        |            
------------------------------------------------------------------------------------------------------
  TS_U_TO_U = MAXDELAY FROM TIMEGRP "U_CLK" | SETUP       |    13.004ns|     1.996ns|       0|           0
   TO TIMEGRP "U_CLK" 15 ns                 |             |            |            |        |            
------------------------------------------------------------------------------------------------------
  TS_J_CLK = PERIOD TIMEGRP "J_CLK" 30 ns H | SETUP       |    16.681ns|    13.319ns|       0|           0
  IGH 50%                                   | HOLD        |     0.725ns|            |       0|           0
------------------------------------------------------------------------------------------------------
  PATH "TS_J_TO_D_path" TIG                 | SETUP       |         N/A|     6.514ns|     N/A|           0
------------------------------------------------------------------------------------------------------
  PATH "TS_D_TO_J_path" TIG                 | SETUP       |         N/A|     7.776ns|     N/A|           0
------------------------------------------------------------------------------------------------------


All constraints were met.
INFO:Timing:2761 - N/A entries in the Constraints list may indicate that the 
   constraint does not cover any paths or that it has no requested value.


